[1229/155912.226:ERROR:directory_reader_win.cc(43)] FindFirstFile: El sistema no puede encontrar la ruta especificada. (0x3)
[1229/180606.160:ERROR:directory_reader_win.cc(43)] FindFirstFile: The system cannot find the path specified. (0x3)
[1229/210152.596:ERROR:process_reader_win.cc(151)] SuspendThread: Access is denied. (0x5)
[1229/210152.597:ERROR:process_reader_win.cc(151)] SuspendThread: Access is denied. (0x5)
[1229/210152.597:ERROR:process_reader_win.cc(123)] NtOpenThread: {Access Denied} A process has requested access to an object, but has not been granted those access rights. (0xc0000022)
[1229/210152.645:ERROR:exception_snapshot_win.cc(99)] thread ID 6568 not found in process
[1229/210152.684:ERROR:process_reader_win.cc(123)] NtOpenThread: {Access Denied} A process has requested access to an object, but has not been granted those access rights. (0xc0000022)
[1229/210152.686:ERROR:exception_snapshot_win.cc(99)] thread ID 6252 not found in process
[1230/155056.277:ERROR:directory_reader_win.cc(43)] FindFirstFile: The system cannot find the path specified. (0x3)
[0101/211523.817:ERROR:directory_reader_win.cc(43)] FindFirstFile: The system cannot find the path specified. (0x3)
[0101/231410.413:ERROR:process_reader_win.cc(151)] SuspendThread: Access is denied. (0x5)
[0101/231410.413:ERROR:process_reader_win.cc(151)] SuspendThread: Access is denied. (0x5)
[0101/231410.413:ERROR:process_reader_win.cc(151)] SuspendThread: Access is denied. (0x5)
[0101/231410.413:ERROR:process_reader_win.cc(151)] SuspendThread: Access is denied. (0x5)
[0101/231410.413:ERROR:process_reader_win.cc(151)] SuspendThread: Access is denied. (0x5)
[0101/231410.413:ERROR:process_reader_win.cc(151)] SuspendThread: Access is denied. (0x5)
[0101/231410.413:ERROR:process_reader_win.cc(151)] SuspendThread: Access is denied. (0x5)
[0101/231410.413:ERROR:process_reader_win.cc(151)] SuspendThread: Access is denied. (0x5)
[0101/231410.413:ERROR:process_reader_win.cc(151)] SuspendThread: Access is denied. (0x5)
[0101/231410.413:ERROR:process_reader_win.cc(151)] SuspendThread: Access is denied. (0x5)
[0101/231410.413:ERROR:process_reader_win.cc(151)] SuspendThread: Access is denied. (0x5)
